<?xml version="1.0" encoding="UTF-8"?>
<!-- Generated by org.testng.reporters.JUnitReportReporter -->
<testsuite hostname="DESKTOP-QDIE35G" failures="0" tests="1" name="KervAutomationFramework.KervJob.AppTest" time="0.009" errors="0" timestamp="20 Oct 2022 19:13:55 GMT" skipped="0">
  <testcase classname="KervAutomationFramework.KervJob.AppTest" name="shouldAnswerWithTrue" time="0.009"/>
</testsuite> <!-- KervAutomationFramework.KervJob.AppTest -->
