<?xml version="1.0" encoding="UTF-8"?>
<!-- Generated by org.testng.reporters.JUnitReportReporter -->
<testsuite hostname="DESKTOP-QDIE35G" failures="0" tests="1" name="runners.TestRunner" time="72.756" errors="0" timestamp="2022-10-27T15:13:59 BST" skipped="0">
  <testcase classname="runners.TestRunner" name="runScenario" time="72.756"/>
  <system-out/>
</testsuite> <!-- runners.TestRunner -->
