<?xml version="1.0" encoding="UTF-8"?>
<!-- Generated by org.testng.reporters.JUnitReportReporter -->
<testsuite hostname="DESKTOP-QDIE35G" failures="0" tests="1" name="runners.TestRunner" time="18.491" errors="0" timestamp="2022-10-28T07:02:57 BST" skipped="0">
  <testcase classname="runners.TestRunner" name="runScenario" time="18.491"/>
  <system-out/>
</testsuite> <!-- runners.TestRunner -->
